<?xml version="1.0" encoding="UTF-8"?>
<!-- Generated by org.testng.reporters.JUnitReportReporter -->
<testsuite hostname="UFSG-RONWALD" name="testCases.GetBookingID_NotBDDStyle" tests="1" failures="0" timestamp="30 Dec 2020 09:39:52 GMT" time="4.742" errors="0">
  <testcase name="GetBookingIds_VerifyStatusCode" time="4.742" classname="testCases.GetBookingID_NotBDDStyle"/>
</testsuite> <!-- testCases.GetBookingID_NotBDDStyle -->
