<?xml version="1.0" encoding="UTF-8"?>
<!-- Generated by org.testng.reporters.JUnitReportReporter -->
<testsuite skipped="0" hostname="UFSG-RONWALD" name="testCases.TestRest1" tests="3" failures="0" timestamp="2021-01-11T16:48:46 SGT" time="5.419" errors="0">
  <testcase name="GetBookingIds_VerifyStatusCode" time="3.966" classname="testCases.TestRest1"/>
  <testcase name="Gettest" time="0.393" classname="testCases.TestRest1"/>
  <testcase name="GetSpecificElementValue" time="1.060" classname="testCases.TestRest1"/>
</testsuite> <!-- testCases.TestRest1 -->
